==============================================================================
Suites                                                                        
==============================================================================
Suites.Tasks2                                                                 
==============================================================================
BotCall2                                                                
  Traceback (most recent call last):
    ~~~~~~~~~~~~~~~~~~~~~~~~~~~~~~~~~~~~~~~~~~~~~~~~~~~~~~~~~~~~~~~~~~~~~~~~~~
    File  D:\RPA2\tasks2.robot:30
    T:  BotCall2    
    ~~~~~~~~~~~~~~~~~~~~~~~~~~~~~~~~~~~~~~~~~~~~~~~~~~~~~~~~~~~~~~~~~~~~~~~~~~
    File  D:\RPA2\tasks2.robot:33
      Generate_EXTENTION    
    ~~~~~~~~~~~~~~~~~~~~~~~~~~~~~~~~~~~~~~~~~~~~~~~~~~~~~~~~~~~~~~~~~~~~~~~~~~
    File  D:\RPA2\PageObject\Locators\Common_keyword.robot:188
      Evaluate    random.choice(${Extension})
      |  random.choice(${Extension}) = <Unable to define variable value>
______________________________________________________________________________
| FAIL |
Variable '${Extension}' not found.
------------------------------------------------------------------------------
Suites.Tasks2                                                         | FAIL |
1 test, 0 passed, 1 failed
==============================================================================
Suites                                                                | FAIL |
1 test, 0 passed, 1 failed
==============================================================================
Output:  D:\RPA2\pabot_results\1\output.xml
